0 info it worked if it ends with ok
1 verbose cli [ '/usr/bin/node', '/usr/bin/npm', 'install', '-save', 'lodash' ]
2 info using npm@1.4.28
3 info using node@v0.10.37
4 verbose node symlink /usr/bin/node
5 warn package.json @ No description
6 warn package.json @ No repository field.
7 verbose readDependencies using package.json deps
8 verbose cache add [ 'lodash', null ]
9 verbose cache add name=undefined spec="lodash" args=["lodash",null]
10 verbose parsed url { protocol: null,
10 verbose parsed url   slashes: null,
10 verbose parsed url   auth: null,
10 verbose parsed url   host: null,
10 verbose parsed url   port: null,
10 verbose parsed url   hostname: null,
10 verbose parsed url   hash: null,
10 verbose parsed url   search: null,
10 verbose parsed url   query: null,
10 verbose parsed url   pathname: 'lodash',
10 verbose parsed url   path: 'lodash',
10 verbose parsed url   href: 'lodash' }
11 silly lockFile 901466a5-lodash lodash
12 verbose lock lodash /home/brennan/.npm/901466a5-lodash.lock
13 silly lockFile 901466a5-lodash lodash
14 silly lockFile 901466a5-lodash lodash
15 verbose addNamed [ 'lodash', '' ]
16 verbose addNamed [ null, '*' ]
17 silly lockFile f856e425-lodash lodash@
18 verbose lock lodash@ /home/brennan/.npm/f856e425-lodash.lock
19 silly addNameRange { name: 'lodash', range: '*', hasData: false }
20 verbose request where is /lodash
21 verbose request registry https://registry.npmjs.org/
22 verbose request id 8e81aeadc1473da6
23 verbose url raw /lodash
24 verbose url resolving [ 'https://registry.npmjs.org/', './lodash' ]
25 verbose url resolved https://registry.npmjs.org/lodash
26 verbose request where is https://registry.npmjs.org/lodash
27 info trying registry request attempt 1 at 21:31:51
28 verbose etag "DRCSXQ1D3OP4SWJHVW4EQ2ZUC"
29 http GET https://registry.npmjs.org/lodash
30 http 304 https://registry.npmjs.org/lodash
31 silly registry.get cb [ 304,
31 silly registry.get   { date: 'Fri, 29 Jan 2016 03:31:52 GMT',
31 silly registry.get     via: '1.1 varnish',
31 silly registry.get     'cache-control': 'max-age=300',
31 silly registry.get     etag: '"DRCSXQ1D3OP4SWJHVW4EQ2ZUC"',
31 silly registry.get     age: '242',
31 silly registry.get     connection: 'keep-alive',
31 silly registry.get     'x-served-by': 'cache-dfw1825-DFW',
31 silly registry.get     'x-cache': 'HIT',
31 silly registry.get     'x-cache-hits': '18',
31 silly registry.get     'x-timer': 'S1454038312.218529,VS0,VE0',
31 silly registry.get     vary: 'Accept' } ]
32 verbose etag https://registry.npmjs.org/lodash from cache
33 silly addNameRange number 2 { name: 'lodash', range: '*', hasData: true }
34 silly addNameRange versions [ 'lodash',
34 silly addNameRange   [ '0.1.0',
34 silly addNameRange     '0.2.0',
34 silly addNameRange     '0.2.1',
34 silly addNameRange     '0.2.2',
34 silly addNameRange     '0.3.0',
34 silly addNameRange     '0.3.1',
34 silly addNameRange     '0.3.2',
34 silly addNameRange     '0.4.0',
34 silly addNameRange     '0.4.1',
34 silly addNameRange     '0.4.2',
34 silly addNameRange     '0.5.0-rc.1',
34 silly addNameRange     '0.5.0',
34 silly addNameRange     '0.5.1',
34 silly addNameRange     '0.5.2',
34 silly addNameRange     '0.6.0',
34 silly addNameRange     '0.6.1',
34 silly addNameRange     '0.7.0',
34 silly addNameRange     '0.8.0',
34 silly addNameRange     '0.8.1',
34 silly addNameRange     '0.8.2',
34 silly addNameRange     '0.9.0',
34 silly addNameRange     '0.9.1',
34 silly addNameRange     '0.9.2',
34 silly addNameRange     '0.10.0',
34 silly addNameRange     '1.0.0-rc.1',
34 silly addNameRange     '1.0.0-rc.2',
34 silly addNameRange     '1.0.0-rc.3',
34 silly addNameRange     '1.0.0',
34 silly addNameRange     '1.0.1',
34 silly addNameRange     '1.1.0',
34 silly addNameRange     '1.1.1',
34 silly addNameRange     '1.2.0',
34 silly addNameRange     '1.2.1',
34 silly addNameRange     '1.3.0',
34 silly addNameRange     '1.3.1',
34 silly addNameRange     '2.0.0',
34 silly addNameRange     '2.1.0',
34 silly addNameRange     '2.2.0',
34 silly addNameRange     '2.2.1',
34 silly addNameRange     '2.3.0',
34 silly addNameRange     '2.4.0',
34 silly addNameRange     '2.4.1',
34 silly addNameRange     '3.0.0',
34 silly addNameRange     '3.0.1',
34 silly addNameRange     '3.1.0',
34 silly addNameRange     '3.2.0',
34 silly addNameRange     '3.3.0',
34 silly addNameRange     '3.3.1',
34 silly addNameRange     '3.4.0',
34 silly addNameRange     '3.5.0',
34 silly addNameRange     '3.6.0',
34 silly addNameRange     '1.0.2',
34 silly addNameRange     '3.7.0',
34 silly addNameRange     '2.4.2',
34 silly addNameRange     '3.8.0',
34 silly addNameRange     '3.9.0',
34 silly addNameRange     '3.9.1',
34 silly addNameRange     '3.9.2',
34 silly addNameRange     '3.9.3',
34 silly addNameRange     '3.10.0',
34 silly addNameRange     '3.10.1',
34 silly addNameRange     '4.0.0',
34 silly addNameRange     '4.0.1' ] ]
35 verbose addNamed [ 'lodash', '4.0.1' ]
36 verbose addNamed [ '4.0.1', '4.0.1' ]
37 silly lockFile 0bae459c-lodash-4-0-1 lodash@4.0.1
38 verbose lock lodash@4.0.1 /home/brennan/.npm/0bae459c-lodash-4-0-1.lock
39 silly lockFile 7614b8b4-pmjs-org-lodash-lodash-4-0-1-tgz https://registry.npmjs.org/lodash/-/lodash-4.0.1.tgz
40 verbose lock https://registry.npmjs.org/lodash/-/lodash-4.0.1.tgz /home/brennan/.npm/7614b8b4-pmjs-org-lodash-lodash-4-0-1-tgz.lock
41 verbose addRemoteTarball [ 'https://registry.npmjs.org/lodash/-/lodash-4.0.1.tgz',
41 verbose addRemoteTarball   'cd8c902c9e03f2e69ce3e0e456d505ab89eb98f4' ]
42 info retry fetch attempt 1 at 21:31:52
43 verbose fetch to= /tmp/npm-26401-1Ef2DJl7/registry.npmjs.org/lodash/-/lodash-4.0.1.tgz
44 http GET https://registry.npmjs.org/lodash/-/lodash-4.0.1.tgz
45 http 200 https://registry.npmjs.org/lodash/-/lodash-4.0.1.tgz
46 silly lockFile 7614b8b4-pmjs-org-lodash-lodash-4-0-1-tgz https://registry.npmjs.org/lodash/-/lodash-4.0.1.tgz
47 silly lockFile 7614b8b4-pmjs-org-lodash-lodash-4-0-1-tgz https://registry.npmjs.org/lodash/-/lodash-4.0.1.tgz
48 silly lockFile 0bae459c-lodash-4-0-1 lodash@4.0.1
49 silly lockFile 0bae459c-lodash-4-0-1 lodash@4.0.1
50 silly lockFile f856e425-lodash lodash@
51 silly lockFile f856e425-lodash lodash@
52 error Error: EACCES, mkdir '/home/brennan/.npm/lodash/4.0.1'
52 error  { [Error: EACCES, mkdir '/home/brennan/.npm/lodash/4.0.1']
52 error   errno: 3,
52 error   code: 'EACCES',
52 error   path: '/home/brennan/.npm/lodash/4.0.1' }
53 error Please try running this command again as root/Administrator.
54 error System Linux 3.13.0-66-generic
55 error command "/usr/bin/node" "/usr/bin/npm" "install" "-save" "lodash"
56 error cwd /home/brennan/Documents/FantasyGolf
57 error node -v v0.10.37
58 error npm -v 1.4.28
59 error path /home/brennan/.npm/lodash/4.0.1
60 error code EACCES
61 error errno 3
62 error stack Error: EACCES, mkdir '/home/brennan/.npm/lodash/4.0.1'
63 verbose exit [ 3, true ]
